[WARNING - 2022-06-21 22:20:32,959 - D.src - 11502::module :main|Line: 74]  messages:[ hello from detL ]
[WARNING - 2022-06-21 22:20:33,907 - D.src - 11507::module :main|Line: 74]  messages:[ hello from detL ]
[WARNING - 2022-06-21 22:20:35,504 - D.src - 11517::module :main|Line: 74]  messages:[ hello from detL ]
[WARNING - 2022-06-21 22:20:35,638 - D.src - 11518::module :main|Line: 74]  messages:[ hello from detL ]
[WARNING - 2022-06-21 22:20:40,043 - D.src - 11552::module :main|Line: 74]  messages:[ hello from detL ]
[WARNING - 2022-06-21 22:20:40,911 - D.src - 11553::module :main|Line: 74]  messages:[ hello from detL ]
[WARNING - 2022-06-21 22:27:17,948 - project - 12412::module :main|Line: 74]  messages:[ hello from detL ]
[WARNING - 2022-06-21 22:31:21,912 - detailed - 12707::module :main|Line: 74]  messages:[ hello from detL ]
[WARNING - 2022-06-21 22:31:51,110 - detailed - 12768::module :main|Line: 74]  messages:[ hello from detailed logger ]
[WARNING - 2022-06-21 22:33:33,868 - detailed - 12961::module :main|Line: 74]  messages:[ hello from detailed logger ]
[WARNING - 2022-06-21 22:34:27,450 - my_detailed - 13045::module :main|Line: 74]  messages:[ hello from my_detailed logger ]
[WARNING - 2022-06-21 22:35:25,138 - my_detailed - 13111::module :main|Line: 74]  messages:[ hello from my_detailed logger ]
[WARNING - 2022-06-21 22:36:26,585 - my_detailed - 13231::module :main|Line: 75]  messages:[ hello from my_detailed logger ]
[WARNING - 2022-06-21 22:36:27,675 - my_detailed - 13241::module :main|Line: 75]  messages:[ hello from my_detailed logger ]
[WARNING - 2022-06-21 22:36:27,717 - my_detailed - 13242::module :main|Line: 75]  messages:[ hello from my_detailed logger ]
[WARNING - 2022-06-21 22:38:06,607 - my_detailed - 13383::module :main|Line: 75]  messages:[ hello from my_detailed logger ]
[WARNING - 2022-06-21 22:39:25,917 - my_detailed - 13599::module :main|Line: 76]  messages:[ hello from my_detailed logger ]
[WARNING - 2022-06-21 22:39:26,032 - my_detailed - 13600::module :main|Line: 76]  messages:[ hello from my_detailed logger ]
[WARNING - 2022-06-21 22:39:42,888 - my_detailed - 13643::module :main|Line: 77]  messages:[ hello from my_detailed logger ]
[WARNING - 2022-06-21 22:39:46,216 - my_detailed - 13662::module :main|Line: 77]  messages:[ hello from my_detailed logger ]
[WARNING - 2022-06-21 22:42:41,314 - my_detailed - 13926::module :main|Line: 78]  messages:[ hello from my_detailed logger ]
[WARNING - 2022-06-21 22:46:16,768 - my_detailed - 14194::module :main|Line: 78]  messages:[ hello from my_detailed logger ]
[WARNING - 2022-06-21 22:51:49,697 - my_detailed.__main__ - 15127::module :main|Line: 78]  messages:[ hello from my_detailed logger ]
[WARNING - 2022-06-21 22:52:06,682 - my_detailed.__main__ - 15177::module :main|Line: 78]  messages:[ hello from my_detailed logger ]
